Started GET "/" for 127.0.0.1 at 2017-08-22 11:25:06 +1000
Processing by PagesController#home as HTML
  Rendering pages/home.html.erb within layouts/application
  Rendered pages/home.html.erb within layouts/application (2.2ms)
Completed 200 OK in 762ms (Views: 438.4ms)


Started GET "/" for 127.0.0.1 at 2017-08-22 11:33:18 +1000
Processing by PagesController#home as HTML
  Rendering pages/home.html.erb within layouts/application
  Rendered pages/home.html.erb within layouts/application (1.2ms)
Completed 200 OK in 47ms (Views: 41.3ms)


Started GET "/numbers" for 127.0.0.1 at 2017-08-22 11:33:21 +1000
Processing by PagesController#numbers as HTML
  Rendering pages/numbers.html.erb within layouts/application
  Rendered pages/numbers.html.erb within layouts/application (0.8ms)
Completed 200 OK in 35ms (Views: 29.6ms)


Started GET "/text" for 127.0.0.1 at 2017-08-22 11:33:22 +1000
Processing by PagesController#text as HTML
  Rendering pages/text.html.erb within layouts/application
  Rendered pages/text.html.erb within layouts/application (0.9ms)
Completed 200 OK in 37ms (Views: 33.2ms)


Started GET "/url" for 127.0.0.1 at 2017-08-22 11:33:23 +1000
Processing by PagesController#url as HTML
  Rendering pages/url.html.erb within layouts/application
  Rendered pages/url.html.erb within layouts/application (0.6ms)
Completed 200 OK in 40ms (Views: 36.0ms)


Started GET "/text" for 127.0.0.1 at 2017-08-22 11:33:25 +1000
Processing by PagesController#text as HTML
  Rendering pages/text.html.erb within layouts/application
  Rendered pages/text.html.erb within layouts/application (0.6ms)
Completed 200 OK in 33ms (Views: 30.1ms)


Started GET "/numbers" for 127.0.0.1 at 2017-08-22 11:33:25 +1000
Processing by PagesController#numbers as HTML
  Rendering pages/numbers.html.erb within layouts/application
  Rendered pages/numbers.html.erb within layouts/application (0.5ms)
Completed 200 OK in 33ms (Views: 30.0ms)


Started GET "/" for 127.0.0.1 at 2017-08-22 11:33:26 +1000
Processing by PagesController#home as HTML
  Rendering pages/home.html.erb within layouts/application
  Rendered pages/home.html.erb within layouts/application (0.7ms)
Completed 200 OK in 35ms (Views: 31.7ms)


Started GET "/numbers" for 127.0.0.1 at 2017-08-22 11:39:20 +1000
Processing by PagesController#numbers as HTML
  Rendering pages/numbers.html.erb within layouts/application
  Rendered pages/numbers.html.erb within layouts/application (0.9ms)
Completed 200 OK in 36ms (Views: 31.8ms)


Started GET "/numbers" for 127.0.0.1 at 2017-08-22 11:40:08 +1000
Processing by PagesController#numbers as HTML
  Rendering pages/numbers.html.erb within layouts/application
  Rendered pages/numbers.html.erb within layouts/application (31.2ms)
Completed 200 OK in 58ms (Views: 53.7ms)


Started GET "/numbers" for 127.0.0.1 at 2017-08-22 11:40:18 +1000
Processing by PagesController#numbers as HTML
  Rendering pages/numbers.html.erb within layouts/application
  Rendered pages/numbers.html.erb within layouts/application (1.4ms)
Completed 200 OK in 35ms (Views: 31.9ms)


Started GET "/numbers" for 127.0.0.1 at 2017-08-22 11:40:50 +1000
Processing by PagesController#numbers as HTML
  Rendering pages/numbers.html.erb within layouts/application
  Rendered pages/numbers.html.erb within layouts/application (1.3ms)
Completed 200 OK in 21ms (Views: 18.4ms)


Started GET "/numbers" for 127.0.0.1 at 2017-08-22 11:41:24 +1000
Processing by PagesController#numbers as HTML
  Rendering pages/numbers.html.erb within layouts/application
  Rendered pages/numbers.html.erb within layouts/application (7.7ms)
Completed 200 OK in 45ms (Views: 41.0ms)


Started GET "/numbers" for 127.0.0.1 at 2017-08-22 11:42:32 +1000
Processing by PagesController#numbers as HTML
  Rendering pages/numbers.html.erb within layouts/application
  Rendered pages/numbers.html.erb within layouts/application (5.3ms)
Completed 200 OK in 39ms (Views: 34.6ms)


Started GET "/text" for 127.0.0.1 at 2017-08-22 11:46:03 +1000
Processing by PagesController#text as HTML
  Rendering pages/text.html.erb within layouts/application
  Rendered pages/text.html.erb within layouts/application (0.7ms)
Completed 200 OK in 31ms (Views: 26.6ms)


Started GET "/text" for 127.0.0.1 at 2017-08-22 11:47:16 +1000
Processing by PagesController#text as HTML
  Rendering pages/text.html.erb within layouts/application
  Rendered pages/text.html.erb within layouts/application (2.5ms)
Completed 200 OK in 37ms (Views: 33.8ms)


Started GET "/text" for 127.0.0.1 at 2017-08-22 11:48:34 +1000
Processing by PagesController#text as HTML
  Rendering pages/text.html.erb within layouts/application
  Rendered pages/text.html.erb within layouts/application (2.9ms)
Completed 200 OK in 66ms (Views: 55.0ms)


Started GET "/text" for 127.0.0.1 at 2017-08-22 11:49:30 +1000
Processing by PagesController#text as HTML
  Rendering pages/text.html.erb within layouts/application
  Rendered pages/text.html.erb within layouts/application (1.6ms)
Completed 200 OK in 33ms (Views: 27.6ms)


Started GET "/text" for 127.0.0.1 at 2017-08-22 11:50:04 +1000
Processing by PagesController#text as HTML
  Rendering pages/text.html.erb within layouts/application
  Rendered pages/text.html.erb within layouts/application (1.1ms)
Completed 200 OK in 30ms (Views: 25.7ms)


Started GET "/text" for 127.0.0.1 at 2017-08-22 11:50:38 +1000
Processing by PagesController#text as HTML
  Rendering pages/text.html.erb within layouts/application
  Rendered pages/text.html.erb within layouts/application (1.2ms)
Completed 200 OK in 28ms (Views: 25.3ms)


Started GET "/text" for 127.0.0.1 at 2017-08-22 11:50:44 +1000
Processing by PagesController#text as HTML
  Rendering pages/text.html.erb within layouts/application
  Rendered pages/text.html.erb within layouts/application (1.2ms)
Completed 200 OK in 43ms (Views: 37.9ms)


Started GET "/text" for 127.0.0.1 at 2017-08-22 11:50:45 +1000
Processing by PagesController#text as HTML
  Rendering pages/text.html.erb within layouts/application
  Rendered pages/text.html.erb within layouts/application (1.4ms)
Completed 200 OK in 29ms (Views: 25.2ms)


Started GET "/text" for 127.0.0.1 at 2017-08-22 11:50:45 +1000
Processing by PagesController#text as HTML
  Rendering pages/text.html.erb within layouts/application
  Rendered pages/text.html.erb within layouts/application (1.1ms)
Completed 200 OK in 24ms (Views: 20.4ms)


Started GET "/text" for 127.0.0.1 at 2017-08-22 11:50:46 +1000
Processing by PagesController#text as HTML
  Rendering pages/text.html.erb within layouts/application
  Rendered pages/text.html.erb within layouts/application (1.3ms)
Completed 200 OK in 24ms (Views: 21.0ms)


Started GET "/text" for 127.0.0.1 at 2017-08-22 11:50:53 +1000
Processing by PagesController#text as HTML
  Rendering pages/text.html.erb within layouts/application
  Rendered pages/text.html.erb within layouts/application (0.9ms)
Completed 200 OK in 30ms (Views: 26.2ms)


Started GET "/text" for 127.0.0.1 at 2017-08-22 11:52:03 +1000
Processing by PagesController#text as HTML
  Rendering pages/text.html.erb within layouts/application
  Rendered pages/text.html.erb within layouts/application (1.5ms)
Completed 200 OK in 29ms (Views: 26.5ms)


Started GET "/text" for 127.0.0.1 at 2017-08-22 11:52:11 +1000
Processing by PagesController#text as HTML
  Rendering pages/text.html.erb within layouts/application
  Rendered pages/text.html.erb within layouts/application (1.1ms)
Completed 200 OK in 41ms (Views: 34.0ms)


Started GET "/text" for 127.0.0.1 at 2017-08-22 11:52:53 +1000
Processing by PagesController#text as HTML
  Rendering pages/text.html.erb within layouts/application
  Rendered pages/text.html.erb within layouts/application (1.1ms)
Completed 200 OK in 28ms (Views: 24.9ms)


Started GET "/text" for 127.0.0.1 at 2017-08-22 11:53:04 +1000
Processing by PagesController#text as HTML
  Rendering pages/text.html.erb within layouts/application
  Rendered pages/text.html.erb within layouts/application (1.6ms)
Completed 200 OK in 28ms (Views: 24.4ms)


Started GET "/text" for 127.0.0.1 at 2017-08-22 11:53:15 +1000
Processing by PagesController#text as HTML
  Rendering pages/text.html.erb within layouts/application
  Rendered pages/text.html.erb within layouts/application (1.7ms)
Completed 200 OK in 24ms (Views: 19.3ms)


Started GET "/text" for 127.0.0.1 at 2017-08-22 11:53:26 +1000
Processing by PagesController#text as HTML
  Rendering pages/text.html.erb within layouts/application
  Rendered pages/text.html.erb within layouts/application (1.1ms)
Completed 200 OK in 28ms (Views: 23.1ms)


Started GET "/text" for 127.0.0.1 at 2017-08-22 11:53:39 +1000
Processing by PagesController#text as HTML
  Rendering pages/text.html.erb within layouts/application
  Rendered pages/text.html.erb within layouts/application (1.2ms)
Completed 200 OK in 26ms (Views: 22.3ms)


Started GET "/text" for 127.0.0.1 at 2017-08-22 11:53:49 +1000
Processing by PagesController#text as HTML
  Rendering pages/text.html.erb within layouts/application
  Rendered pages/text.html.erb within layouts/application (1.2ms)
Completed 200 OK in 21ms (Views: 18.3ms)


Started GET "/text" for 127.0.0.1 at 2017-08-22 11:54:11 +1000
Processing by PagesController#text as HTML
  Rendering pages/text.html.erb within layouts/application
  Rendered pages/text.html.erb within layouts/application (1.1ms)
Completed 200 OK in 29ms (Views: 26.2ms)


Started GET "/text" for 127.0.0.1 at 2017-08-22 11:54:18 +1000
Processing by PagesController#text as HTML
  Rendering pages/text.html.erb within layouts/application
  Rendered pages/text.html.erb within layouts/application (2.3ms)
Completed 200 OK in 31ms (Views: 26.3ms)


Started GET "/text" for 127.0.0.1 at 2017-08-22 11:54:53 +1000
Processing by PagesController#text as HTML
  Rendering pages/text.html.erb within layouts/application
  Rendered pages/text.html.erb within layouts/application (2.2ms)
Completed 200 OK in 46ms (Views: 40.6ms)


Started GET "/text" for 127.0.0.1 at 2017-08-22 11:55:01 +1000
Processing by PagesController#text as HTML
  Rendering pages/text.html.erb within layouts/application
  Rendered pages/text.html.erb within layouts/application (1.7ms)
Completed 200 OK in 28ms (Views: 24.0ms)


Started GET "/text" for 127.0.0.1 at 2017-08-22 11:55:10 +1000
Processing by PagesController#text as HTML
  Rendering pages/text.html.erb within layouts/application
  Rendered pages/text.html.erb within layouts/application (1.0ms)
Completed 200 OK in 24ms (Views: 18.9ms)


Started GET "/text" for 127.0.0.1 at 2017-08-22 11:55:19 +1000
Processing by PagesController#text as HTML
  Rendering pages/text.html.erb within layouts/application
  Rendered pages/text.html.erb within layouts/application (1.1ms)
Completed 200 OK in 21ms (Views: 16.8ms)


Started GET "/url" for 127.0.0.1 at 2017-08-22 12:00:21 +1000
Processing by PagesController#url as HTML
  Rendering pages/url.html.erb within layouts/application
  Rendered pages/url.html.erb within layouts/application (0.9ms)
Completed 200 OK in 48ms (Views: 44.1ms)


Started GET "/url" for 127.0.0.1 at 2017-08-22 12:00:52 +1000
Processing by PagesController#url as HTML
  Rendering pages/url.html.erb within layouts/application
  Rendered pages/url.html.erb within layouts/application (1.1ms)
Completed 200 OK in 32ms (Views: 28.7ms)


Started GET "/url" for 127.0.0.1 at 2017-08-22 12:01:30 +1000
Processing by PagesController#url as HTML
  Rendering pages/url.html.erb within layouts/application
  Rendered pages/url.html.erb within layouts/application (0.9ms)
Completed 200 OK in 29ms (Views: 23.3ms)


Started GET "/" for 127.0.0.1 at 2017-08-22 12:01:32 +1000
Processing by PagesController#home as HTML
  Rendering pages/home.html.erb within layouts/application
  Rendered pages/home.html.erb within layouts/application (1.0ms)
Completed 200 OK in 33ms (Views: 27.7ms)


Started GET "/url" for 127.0.0.1 at 2017-08-22 12:01:34 +1000
Processing by PagesController#url as HTML
  Rendering pages/url.html.erb within layouts/application
  Rendered pages/url.html.erb within layouts/application (0.6ms)
Completed 200 OK in 32ms (Views: 28.4ms)


Started GET "/rails/info" for 127.0.0.1 at 2017-08-22 12:02:07 +1000
Processing by Rails::InfoController#index as HTML
Redirected to http://localhost:3000/rails/info/routes
Completed 302 Found in 4ms


Started GET "/rails/info/routes" for 127.0.0.1 at 2017-08-22 12:02:07 +1000
Processing by Rails::InfoController#routes as HTML
  Rendering /Users/inceptor/.rvm/gems/ruby-2.4.0/gems/railties-5.1.3/lib/rails/templates/rails/info/routes.html.erb within layouts/application
  Rendered collection of /Users/inceptor/.rvm/gems/ruby-2.4.0/gems/actionpack-5.1.3/lib/action_dispatch/middleware/templates/routes/_route.html.erb [5 times] (16.6ms)
  Rendered /Users/inceptor/.rvm/gems/ruby-2.4.0/gems/actionpack-5.1.3/lib/action_dispatch/middleware/templates/routes/_table.html.erb (14.6ms)
  Rendered /Users/inceptor/.rvm/gems/ruby-2.4.0/gems/railties-5.1.3/lib/rails/templates/rails/info/routes.html.erb within layouts/application (39.9ms)
Completed 200 OK in 59ms (Views: 50.2ms)


Started GET "/url" for 127.0.0.1 at 2017-08-22 12:02:55 +1000
Processing by PagesController#url as HTML
  Rendering pages/url.html.erb within layouts/application
  Rendered pages/url.html.erb within layouts/application (0.8ms)
Completed 200 OK in 32ms (Views: 26.9ms)


Started GET "/" for 127.0.0.1 at 2017-08-22 12:03:07 +1000
Processing by PagesController#home as HTML
  Rendering pages/home.html.erb within layouts/application
  Rendered pages/home.html.erb within layouts/application (0.9ms)
Completed 200 OK in 35ms (Views: 31.8ms)


Started GET "/" for 127.0.0.1 at 2017-08-22 12:04:52 +1000
Processing by PagesController#home as HTML
  Rendering pages/home.html.erb within layouts/application
  Rendered pages/home.html.erb within layouts/application (0.6ms)
Completed 200 OK in 31ms (Views: 28.3ms)


Started GET "/url" for 127.0.0.1 at 2017-08-22 12:04:53 +1000
Processing by PagesController#url as HTML
  Rendering pages/url.html.erb within layouts/application
  Rendered pages/url.html.erb within layouts/application (1.3ms)
Completed 200 OK in 73ms (Views: 69.2ms)


Started GET "/text" for 127.0.0.1 at 2017-08-22 12:04:55 +1000
Processing by PagesController#text as HTML
  Rendering pages/text.html.erb within layouts/application
  Rendered pages/text.html.erb within layouts/application (2.5ms)
Completed 200 OK in 49ms (Views: 37.5ms)


Started GET "/numbers" for 127.0.0.1 at 2017-08-22 12:04:56 +1000
Processing by PagesController#numbers as HTML
  Rendering pages/numbers.html.erb within layouts/application
  Rendered pages/numbers.html.erb within layouts/application (2.8ms)
Completed 200 OK in 42ms (Views: 36.2ms)


